{"logTime": "0814/135358", "correlationVector":"3cLlxKFloLVyRqlURpE9Vi.0","action":"FeedSettingFetch_homeCloud", "result":"0", "context":{}}
{"logTime": "0814/135358", "correlationVector":"3cLlxKFloLVyRqlURpE9Vi.0","action":"SyncServerConnectionManagerRequest", "result":"SYNC_SERVER_OK", "context":{"environment":"", "server":""}}
{"logTime": "0814/135402", "correlationVector":"yL+s1yoVPTRXic434xnaJX.1","action":"SyncServerConnectionManagerRequest", "result":"SYNC_SERVER_OK", "context":{"environment":"48F630A6-CB1B-4CC7-86AF-0F6627234B58|106", "server":"SG2PEPF00000C8F"}}
{"logTime": "0814/135403", "correlationVector":"OU34fEpHPMatYpINCsTXPH.1","action":"SyncServerConnectionManagerRequest", "result":"SYNC_SERVER_OK", "context":{"environment":"48F630A6-CB1B-4CC7-86AF-0F6627234B58|106", "server":"SG2PEPF00000C8F"}}
{"logTime": "0814/135403", "correlationVector":"yL+s1yoVPTRXic434xnaJX","action":"Initial GetUpdates", "result":""}
{"logTime": "0814/135403", "correlationVector":"yL+s1yoVPTRXic434xnaJX.2","action":"GetUpdates Response", "result":"SERVER_MORE_TO_DOWNLOAD"}
{"logTime": "0814/135403", "correlationVector":"OU34fEpHPMatYpINCsTXPH","action":"Initial GetUpdates", "result":""}
{"logTime": "0814/135404", "correlationVector":"OU34fEpHPMatYpINCsTXPH.2","action":"GetUpdates Response", "result":"SYNCER_OK"}
{"logTime": "0814/135404", "correlationVector":"HFqoaJIwjvFIR/8dKh/nlL","action":"Initial GetUpdates", "result":""}
{"logTime": "0814/135411", "correlationVector":"HFqoaJIwjvFIR/8dKh/nlL.1","action":"SyncServerConnectionManagerRequest", "result":"SYNC_SERVER_OK", "context":{"environment":"48F630A6-CB1B-4CC7-86AF-0F6627234B58|106", "server":"SG2PEPF00000C8F"}}
{"logTime": "0814/135411", "correlationVector":"HFqoaJIwjvFIR/8dKh/nlL.2","action":"GetUpdates Response", "result":"SERVER_MORE_TO_DOWNLOAD"}
{"logTime": "0814/135411", "correlationVector":"kprCRIkfSwnBi2CACYF0iI","action":"Initial GetUpdates", "result":""}
{"logTime": "0814/135413", "correlationVector":"kprCRIkfSwnBi2CACYF0iI.1","action":"SyncServerConnectionManagerRequest", "result":"SYNC_SERVER_OK", "context":{"environment":"48F630A6-CB1B-4CC7-86AF-0F6627234B58|106", "server":"SG2PEPF00000C8F"}}
{"logTime": "0814/135413", "correlationVector":"kprCRIkfSwnBi2CACYF0iI.2","action":"GetUpdates Response", "result":"SERVER_MORE_TO_DOWNLOAD"}
{"logTime": "0814/135413", "correlationVector":"Byg9XQFnep0zGzWbrTwDTo","action":"Initial GetUpdates", "result":""}
{"logTime": "0814/135415", "correlationVector":"Byg9XQFnep0zGzWbrTwDTo.1","action":"SyncServerConnectionManagerRequest", "result":"SYNC_SERVER_OK", "context":{"environment":"48F630A6-CB1B-4CC7-86AF-0F6627234B58|106", "server":"SG2PEPF00000C8F"}}
{"logTime": "0814/135415", "correlationVector":"Byg9XQFnep0zGzWbrTwDTo.2","action":"GetUpdates Response", "result":"SERVER_MORE_TO_DOWNLOAD"}
{"logTime": "0814/135415", "correlationVector":"BOdph8WrRE/C8XEFZI3Mxb","action":"Initial GetUpdates", "result":""}
{"logTime": "0814/135417", "correlationVector":"BOdph8WrRE/C8XEFZI3Mxb.1","action":"SyncServerConnectionManagerRequest", "result":"SYNC_SERVER_OK", "context":{"environment":"48F630A6-CB1B-4CC7-86AF-0F6627234B58|106", "server":"SG2PEPF00000C8F"}}
{"logTime": "0814/135417", "correlationVector":"BOdph8WrRE/C8XEFZI3Mxb.2","action":"GetUpdates Response", "result":"SYNCER_OK"}
{"logTime": "0814/135417", "correlationVector":"H+psucHYFm+seWXac65Kps","action":"Normal GetUpdate request", "result":""}
{"logTime": "0814/135417", "correlationVector":"H+psucHYFm+seWXac65Kps.1","action":"SyncServerConnectionManagerRequest", "result":"SYNC_SERVER_OK", "context":{"environment":"48F630A6-CB1B-4CC7-86AF-0F6627234B58|106", "server":"SG2PEPF00000C8F"}}
{"logTime": "0814/135417", "correlationVector":"H+psucHYFm+seWXac65Kps.2","action":"GetUpdates Response", "result":"SYNCER_OK"}
{"logTime": "0814/135417", "correlationVector":"Huxfxx1XGyxw30m9hYOCea","action":"Commit Request", "result":""}
{"logTime": "0814/135423", "correlationVector":"Huxfxx1XGyxw30m9hYOCea.1","action":"SyncServerConnectionManagerRequest", "result":"SYNC_SERVER_OK", "context":{"environment":"48F630A6-CB1B-4CC7-86AF-0F6627234B58|106", "server":"SG2PEPF00000C8F"}}
{"logTime": "0814/135423", "correlationVector":"Huxfxx1XGyxw30m9hYOCea.2","action":"Commit Response", "result":"SYNCER_OK"}
{"logTime": "0814/135423", "correlationVector":"GSeRAve4iQg5AkZppypbyO","action":"Commit Request", "result":""}
{"logTime": "0814/135423", "correlationVector":"GSeRAve4iQg5AkZppypbyO.1","action":"SyncServerConnectionManagerRequest", "result":"SYNC_SERVER_OK", "context":{"environment":"48F630A6-CB1B-4CC7-86AF-0F6627234B58|106", "server":"SG2PEPF00000C8F"}}
{"logTime": "0814/135423", "correlationVector":"GSeRAve4iQg5AkZppypbyO.2","action":"Commit Response", "result":"SYNCER_OK"}
{"logTime": "0830/054817", "correlationVector":"INVALID_CV","action":"FeedSettingFetch_homeCloud", "result":"4", "context":{"status_code":"3", "status_message":"Network Error: net::ERR_CONNECTION_TIMED_OUT"}}
{"logTime": "0830/054818", "correlationVector":"xqfGw9YsB1ktveWVQLk0Ar.0","action":"FeedSettingFetch_homeCloud", "result":"0", "context":{}}
{"logTime": "0830/054819", "correlationVector":"xqfGw9YsB1ktveWVQLk0Ar.0","action":"SyncServerConnectionManagerRequest", "result":"SYNC_SERVER_OK", "context":{"environment":"", "server":""}}
{"logTime": "0830/054825", "correlationVector":"wjxDwFu1nemUusTpSpmMT3.1","action":"SyncServerConnectionManagerRequest", "result":"SYNC_SERVER_OK", "context":{"environment":"48F630A6-CB1B-4CC7-86AF-0F6627234B58|106", "server":"SG2PEPF00000CC7"}}
{"logTime": "0830/054827", "correlationVector":"ruC5MjYiWvOAG5sX/DA7N3.1","action":"SyncServerConnectionManagerRequest", "result":"SYNC_SERVER_OK", "context":{"environment":"48F630A6-CB1B-4CC7-86AF-0F6627234B58|106", "server":"SG2PEPF00000CC7"}}
{"logTime": "0830/054827", "correlationVector":"wjxDwFu1nemUusTpSpmMT3","action":"Initial GetUpdates", "result":""}
{"logTime": "0830/054827", "correlationVector":"wjxDwFu1nemUusTpSpmMT3.2","action":"GetUpdates Response", "result":"SERVER_MORE_TO_DOWNLOAD"}
{"logTime": "0830/054827", "correlationVector":"ruC5MjYiWvOAG5sX/DA7N3","action":"Initial GetUpdates", "result":""}
{"logTime": "0830/054827", "correlationVector":"ruC5MjYiWvOAG5sX/DA7N3.2","action":"GetUpdates Response", "result":"SYNCER_OK"}
{"logTime": "0830/054827", "correlationVector":"jd2JBK/kF7iwQ7O3Fi1K9n","action":"Normal GetUpdate request", "result":""}
{"logTime": "0830/054828", "correlationVector":"jd2JBK/kF7iwQ7O3Fi1K9n.1","action":"SyncServerConnectionManagerRequest", "result":"SYNC_SERVER_OK", "context":{"environment":"48F630A6-CB1B-4CC7-86AF-0F6627234B58|106", "server":"SG2PEPF00000CC7"}}
{"logTime": "0830/054828", "correlationVector":"jd2JBK/kF7iwQ7O3Fi1K9n.2","action":"GetUpdates Response", "result":"SYNCER_OK"}
{"logTime": "0830/054828", "correlationVector":"AE670aQidWnL7oRNOMddjb","action":"Commit Request", "result":""}
{"logTime": "0830/054836", "correlationVector":"AE670aQidWnL7oRNOMddjb.1","action":"SyncServerConnectionManagerRequest", "result":"SYNC_SERVER_OK", "context":{"environment":"48F630A6-CB1B-4CC7-86AF-0F6627234B58|106", "server":"SG2PEPF00000CC7"}}
{"logTime": "0830/054836", "correlationVector":"AE670aQidWnL7oRNOMddjb.2","action":"Commit Response", "result":"SYNCER_OK"}
{"logTime": "0830/054901", "correlationVector":"5MKnBNM9P5HvY4xe20zust","action":"Poll GetUpdate request", "result":""}
{"logTime": "0830/054902", "correlationVector":"5MKnBNM9P5HvY4xe20zust.1","action":"SyncServerConnectionManagerRequest", "result":"SYNC_SERVER_OK", "context":{"environment":"48F630A6-CB1B-4CC7-86AF-0F6627234B58|106", "server":"SG2PEPF00000CA8"}}
{"logTime": "0830/054902", "correlationVector":"5MKnBNM9P5HvY4xe20zust.2","action":"GetUpdates Response", "result":"SYNCER_OK"}
